{
  "/Users/richard/workspace/soil-domain-service/src/database.ts": {
    "path": "/Users/richard/workspace/soil-domain-service/src/database.ts",
    "statementMap": {
      "0": { "start": { "line": 1, "column": 0 }, "end": { "line": 1, "column": 26 } },
      "1": { "start": { "line": 3, "column": 18 }, "end": { "line": 3, "column": 44 } },
      "2": { "start": { "line": 5, "column": 18 }, "end": { "line": 35, "column": 1 } },
      "3": { "start": { "line": 6, "column": 17 }, "end": { "line": 6, "column": 50 } },
      "4": { "start": { "line": 7, "column": 17 }, "end": { "line": 7, "column": 18 } },
      "5": { "start": { "line": 9, "column": 2 }, "end": { "line": 34, "column": null } },
      "6": { "start": { "line": 11, "column": 4 }, "end": { "line": 11, "column": 59 } },
      "7": { "start": { "line": 12, "column": 18 }, "end": { "line": 12, "column": 57 } },
      "8": { "start": { "line": 13, "column": 4 }, "end": { "line": 13, "column": 19 } },
      "9": { "start": { "line": 14, "column": 18 }, "end": { "line": 18, "column": 7 } },
      "10": { "start": { "line": 14, "column": 47 }, "end": { "line": 18, "column": 6 } },
      "11": { "start": { "line": 20, "column": 19 }, "end": { "line": 24, "column": 6 } },
      "12": { "start": { "line": 25, "column": 4 }, "end": { "line": 33, "column": null } },
      "13": { "start": { "line": 28, "column": 6 }, "end": { "line": 28, "column": 48 } },
      "14": { "start": { "line": 31, "column": 6 }, "end": { "line": 31, "column": 23 } },
      "15": { "start": { "line": 32, "column": 6 }, "end": { "line": 32, "column": 13 } },
      "16": { "start": { "line": 37, "column": 9 }, "end": { "line": 37, "column": 18 } }
    },
    "fnMap": {
      "0": {
        "name": "(anonymous_1)",
        "decl": { "start": { "line": 5, "column": 18 }, "end": { "line": 5, "column": 23 } },
        "loc": { "start": { "line": 5, "column": 42 }, "end": { "line": 35, "column": 1 } }
      },
      "1": {
        "name": "(anonymous_2)",
        "decl": { "start": { "line": 14, "column": 28 }, "end": { "line": 14, "column": 29 } },
        "loc": { "start": { "line": 14, "column": 47 }, "end": { "line": 18, "column": 6 } }
      }
    },
    "branchMap": {},
    "s": {
      "0": 1,
      "1": 1,
      "2": 1,
      "3": 0,
      "4": 0,
      "5": 0,
      "6": 0,
      "7": 0,
      "8": 0,
      "9": 0,
      "10": 0,
      "11": 0,
      "12": 0,
      "13": 0,
      "14": 0,
      "15": 0,
      "16": 1
    },
    "f": { "0": 0, "1": 0 },
    "b": {}
  },
  "/Users/richard/workspace/soil-domain-service/src/objectStore.ts": {
    "path": "/Users/richard/workspace/soil-domain-service/src/objectStore.ts",
    "statementMap": {
      "0": { "start": { "line": 1, "column": 0 }, "end": { "line": 1, "column": 26 } },
      "1": { "start": { "line": 3, "column": 11 }, "end": { "line": 3, "column": 23 } },
      "2": { "start": { "line": 11, "column": 22 }, "end": { "line": 23, "column": 1 } },
      "3": { "start": { "line": 12, "column": 2 }, "end": { "line": 22, "column": null } },
      "4": { "start": { "line": 13, "column": 24 }, "end": { "line": 13, "column": 66 } },
      "5": { "start": { "line": 14, "column": 4 }, "end": { "line": 16, "column": null } },
      "6": { "start": { "line": 15, "column": 6 }, "end": { "line": 15, "column": 51 } },
      "7": { "start": { "line": 17, "column": 23 }, "end": { "line": 17, "column": 45 } },
      "8": { "start": { "line": 18, "column": 17 }, "end": { "line": 18, "column": 39 } },
      "9": { "start": { "line": 19, "column": 4 }, "end": { "line": 19, "column": 16 } },
      "10": { "start": { "line": 21, "column": 4 }, "end": { "line": 21, "column": 33 } },
      "11": { "start": { "line": 25, "column": 9 }, "end": { "line": 25, "column": 22 } }
    },
    "fnMap": {
      "0": {
        "name": "(anonymous_1)",
        "decl": { "start": { "line": 11, "column": 22 }, "end": { "line": 11, "column": 27 } },
        "loc": { "start": { "line": 11, "column": 62 }, "end": { "line": 23, "column": 1 } }
      }
    },
    "branchMap": {
      "0": {
        "loc": { "start": { "line": 14, "column": 4 }, "end": { "line": 16, "column": null } },
        "type": "if",
        "locations": [
          { "start": { "line": 14, "column": 4 }, "end": { "line": 16, "column": null } },
          { "start": { "line": 14, "column": 4 }, "end": { "line": 16, "column": null } }
        ]
      }
    },
    "s": {
      "0": 2,
      "1": 2,
      "2": 2,
      "3": 2,
      "4": 2,
      "5": 1,
      "6": 0,
      "7": 1,
      "8": 1,
      "9": 1,
      "10": 1,
      "11": 2
    },
    "f": { "0": 2 },
    "b": { "0": [0, 1] }
  },
  "/Users/richard/workspace/soil-domain-service/src/service.ts": {
    "path": "/Users/richard/workspace/soil-domain-service/src/service.ts",
    "statementMap": {
      "0": { "start": { "line": 2, "column": 0 }, "end": { "line": 2, "column": 39 } },
      "1": { "start": { "line": 3, "column": 0 }, "end": { "line": 3, "column": 46 } },
      "2": { "start": { "line": 5, "column": 34 }, "end": { "line": 13, "column": 1 } },
      "3": { "start": { "line": 6, "column": 27 }, "end": { "line": 6, "column": 53 } },
      "4": { "start": { "line": 7, "column": 23 }, "end": { "line": 7, "column": 49 } },
      "5": { "start": { "line": 9, "column": 19 }, "end": { "line": 9, "column": 55 } },
      "6": { "start": { "line": 10, "column": 2 }, "end": { "line": 10, "column": 28 } },
      "7": { "start": { "line": 12, "column": 2 }, "end": { "line": 12, "column": 26 } },
      "8": { "start": { "line": 15, "column": 9 }, "end": { "line": 15, "column": 23 } }
    },
    "fnMap": {
      "0": {
        "name": "(anonymous_0)",
        "decl": { "start": { "line": 5, "column": 34 }, "end": { "line": 5, "column": 39 } },
        "loc": { "start": { "line": 5, "column": 50 }, "end": { "line": 13, "column": 1 } }
      }
    },
    "branchMap": {},
    "s": { "0": 1, "1": 1, "2": 1, "3": 3, "4": 3, "5": 3, "6": 1, "7": 1, "8": 1 },
    "f": { "0": 3 },
    "b": {}
  }
}
